<?xml version="1.0" encoding="UTF-8"?>
<!-- Generated by org.testng.reporters.JUnitReportReporter -->
<testsuite hostname="94N0PT2" failures="0" tests="1" name="com.tests.Saucedemo" time="23.043" errors="0" timestamp="2021-10-20T18:29:52 IST" skipped="0">
  <testcase classname="com.tests.Saucedemo" name="NGRCCreateAndDeleteRisk" time="23.043"/>
  <system-out/>
</testsuite> <!-- com.tests.Saucedemo -->
