<?xml version="1.0" encoding="UTF-8"?>
<!-- Generated by org.testng.reporters.JUnitReportReporter -->
<testsuite hostname="94N0PT2" failures="0" tests="1" name="com.tests.ENGRC" time="269.398" errors="0" timestamp="2021-11-10T12:00:11 IST" skipped="0">
  <testcase classname="com.tests.ENGRC" name="ENGRCCreateAndDeleteRisk" time="269.398"/>
  <system-out/>
</testsuite> <!-- com.tests.ENGRC -->
