<?xml version="1.0" encoding="UTF-8"?>
<!-- Generated by org.testng.reporters.JUnitReportReporter -->
<testsuite hostname="94N0PT2" failures="0" tests="1" name="com.tests.ENGRCMobile2" time="240.349" errors="0" timestamp="2021-11-09T16:24:07 IST" skipped="0">
  <testcase classname="com.tests.ENGRCMobile2" name="NGRCCreateAndDeleteRisk" time="240.349"/>
  <system-out/>
</testsuite> <!-- com.tests.ENGRCMobile2 -->
