<?xml version="1.0" encoding="UTF-8"?>
<!-- Generated by org.testng.reporters.JUnitReportReporter -->
<testsuite hostname="94N0PT2" failures="0" tests="1" name="com.tests.SaucedemoMobile" time="147.018" errors="0" timestamp="2021-10-21T10:15:05 IST" skipped="0">
  <testcase classname="com.tests.SaucedemoMobile" name="OnineShoppingCart" time="147.018"/>
  <system-out/>
</testsuite> <!-- com.tests.SaucedemoMobile -->
