<?xml version="1.0" encoding="UTF-8"?>
<!-- Generated by org.testng.reporters.JUnitReportReporter -->
<testsuite hostname="94N0PT2" failures="0" tests="1" name="com.tests.ENGRCMobileExecution" time="140.548" errors="0" timestamp="2021-11-09T18:17:50 IST" skipped="0">
  <testcase classname="com.tests.ENGRCMobileExecution" name="NGRCCreateAndDeleteRisk" time="140.548"/>
  <system-out/>
</testsuite> <!-- com.tests.ENGRCMobileExecution -->
