<?xml version="1.0" encoding="UTF-8"?>
<!-- Generated by org.testng.reporters.JUnitReportReporter -->
<testsuite hostname="94N0PT2" failures="0" tests="1" name="com.tests.ENGRCMobile" time="185.631" errors="0" timestamp="2021-11-09T20:51:53 IST" skipped="0">
  <testcase classname="com.tests.ENGRCMobile" name="NGRCCreateAndDeleteRisk" time="185.631"/>
  <system-out/>
</testsuite> <!-- com.tests.ENGRCMobile -->
